This is pdfTeX, Version 3.14159265-2.6-1.40.19 (TeX Live 2018) (preloaded format=latex 2019.2.3)  26 SEP 2019 07:10
entering extended mode
 restricted \write18 enabled.
 %&-line parsing enabled.
**"wordcount.tex\csname ?\endcsname"
(/usr/local/texlive/2018/texmf-dist/tex/latex/wordcount/wordcount.tex
LaTeX2e <2018-04-01> patch level 2
Babel <3.18> and hyphenation patterns for 84 language(s) loaded.
File: wordcount.tex 2016/06/03 v1.7 Michael Downes
(/usr/local/texlive/2018/texmf-dist/tex/latex/base/fontenc.sty
Package: fontenc 2017/04/05 v2.0i Standard LaTeX package

(/usr/local/texlive/2018/texmf-dist/tex/latex/base/t1enc.def
File: t1enc.def 2017/04/05 v2.0i Standard LaTeX file
LaTeX Font Info:    Redeclaring font encoding T1 on input line 48.
))
\thickmuskip=\muskip10
\@charfontname=\skip41
\hfuzz=\dimen102

No auxiliary output files.

File name [press RETURN to cancel]: --count
--count
Processing --count...



! LaTeX Error: File `--count.tex' not found.

Type X to quit or <RETURN> to proceed,
or enter new name. (Default extension: tex)

Enter file name: 
! Emergency stop.
<read *> 
         
l.198 \@tempa
             ^^M
*** (cannot \read from terminal in nonstop modes)

 
Here is how much of TeX's memory you used:
 236 strings out of 492650
 2074 string characters out of 6129649
 57290 words of memory out of 5000000
 4209 multiletter control sequences out of 15000+600000
 6053 words of font info for 16 fonts, out of 8000000 for 9000
 1141 hyphenation exceptions out of 8191
 22i,0n,18p,140b,37s stack positions out of 5000i,500n,10000p,200000b,80000s
No pages of output.
